04-Jun-2026 21:01:22.442 INFO [main] org.apache.catalina.startup.VersionLoggerListener.log Server version name:   Apache Tomcat/11.0.11
04-Jun-2026 21:01:22.452 INFO [main] org.apache.catalina.startup.VersionLoggerListener.log Server built:          Sep 1 2025 10:24:44 UTC
04-Jun-2026 21:01:22.452 INFO [main] org.apache.catalina.startup.VersionLoggerListener.log Server version number: 11.0.11.0
04-Jun-2026 21:01:22.453 INFO [main] org.apache.catalina.startup.VersionLoggerListener.log OS Name:               Linux
04-Jun-2026 21:01:22.453 INFO [main] org.apache.catalina.startup.VersionLoggerListener.log OS Version:            6.14.0-37-generic
04-Jun-2026 21:01:22.453 INFO [main] org.apache.catalina.startup.VersionLoggerListener.log Architecture:          amd64
04-Jun-2026 21:01:22.453 INFO [main] org.apache.catalina.startup.VersionLoggerListener.log Java Home:             /usr/lib/jvm/java-17-openjdk-amd64
04-Jun-2026 21:01:22.454 INFO [main] org.apache.catalina.startup.VersionLoggerListener.log JVM Version:           17.0.18+8-Ubuntu-124.04.1
04-Jun-2026 21:01:22.454 INFO [main] org.apache.catalina.startup.VersionLoggerListener.log JVM Vendor:            Ubuntu
04-Jun-2026 21:01:22.454 INFO [main] org.apache.catalina.startup.VersionLoggerListener.log CATALINA_BASE:         /home/leticia/IdeaProjects/Gestion-Socio-Servlet_pt1-2
04-Jun-2026 21:01:22.454 INFO [main] org.apache.catalina.startup.VersionLoggerListener.log CATALINA_HOME:         /home/leticia/Servers/apache-tomcat-11.0.11
04-Jun-2026 21:01:22.467 INFO [main] org.apache.catalina.startup.VersionLoggerListener.log Command line argument: --add-opens=java.base/java.lang=ALL-UNNAMED
04-Jun-2026 21:01:22.468 INFO [main] org.apache.catalina.startup.VersionLoggerListener.log Command line argument: --add-opens=java.base/java.io=ALL-UNNAMED
04-Jun-2026 21:01:22.468 INFO [main] org.apache.catalina.startup.VersionLoggerListener.log Command line argument: --add-opens=java.base/java.util=ALL-UNNAMED
04-Jun-2026 21:01:22.468 INFO [main] org.apache.catalina.startup.VersionLoggerListener.log Command line argument: --add-opens=java.base/java.util.concurrent=ALL-UNNAMED
04-Jun-2026 21:01:22.468 INFO [main] org.apache.catalina.startup.VersionLoggerListener.log Command line argument: --add-opens=java.rmi/sun.rmi.transport=ALL-UNNAMED
04-Jun-2026 21:01:22.469 INFO [main] org.apache.catalina.startup.VersionLoggerListener.log Command line argument: -Dcatalina.home=/home/leticia/Servers/apache-tomcat-11.0.11
04-Jun-2026 21:01:22.469 INFO [main] org.apache.catalina.startup.VersionLoggerListener.log Command line argument: -Dcatalina.base=/home/leticia/IdeaProjects/Gestion-Socio-Servlet_pt1-2
04-Jun-2026 21:01:22.469 INFO [main] org.apache.catalina.startup.VersionLoggerListener.log Command line argument: -Djava.io.tmpdir=/home/leticia/IdeaProjects/Gestion-Socio-Servlet_pt1-2/temp
04-Jun-2026 21:01:22.469 INFO [main] org.apache.catalina.startup.VersionLoggerListener.log Command line argument: -Djava.util.logging.config.file=/home/leticia/IdeaProjects/Gestion-Socio-Servlet_pt1-2/conf/logging.properties
04-Jun-2026 21:01:22.470 INFO [main] org.apache.catalina.startup.VersionLoggerListener.log Command line argument: -Djava.util.logging.manager=org.apache.juli.ClassLoaderLogManager
04-Jun-2026 21:01:22.470 INFO [main] org.apache.catalina.startup.VersionLoggerListener.log Command line argument: -javaagent:/snap/intellij-idea-community/743/lib/idea_rt.jar=42317
04-Jun-2026 21:01:22.470 INFO [main] org.apache.catalina.startup.VersionLoggerListener.log Command line argument: -Dfile.encoding=UTF-8
04-Jun-2026 21:01:22.477 INFO [main] org.apache.catalina.core.AprLifecycleListener.lifecycleEvent An older version [1.2.35] of the Apache Tomcat Native library is installed, while Tomcat recommends a minimum version of [2.0.5]
04-Jun-2026 21:01:22.478 INFO [main] org.apache.catalina.core.AprLifecycleListener.lifecycleEvent Loaded Apache Tomcat Native library [1.2.35] using APR version [1.7.2].
04-Jun-2026 21:01:22.483 INFO [main] org.apache.catalina.core.AprLifecycleListener.initializeSSL OpenSSL successfully initialized [OpenSSL 3.0.13 30 Jan 2024]
04-Jun-2026 21:01:22.940 INFO [main] org.apache.coyote.AbstractProtocol.init Initializing ProtocolHandler ["http-nio-8080"]
04-Jun-2026 21:01:22.974 INFO [main] org.apache.catalina.startup.Catalina.load Server initialization in [854] milliseconds
04-Jun-2026 21:01:23.056 INFO [main] org.apache.catalina.core.StandardService.startInternal Starting service [Catalina]
04-Jun-2026 21:01:23.056 INFO [main] org.apache.catalina.core.StandardEngine.startInternal Starting Servlet engine: [Apache Tomcat/11.0.11]
04-Jun-2026 21:01:23.072 INFO [main] org.apache.catalina.startup.HostConfig.deployDescriptor Deploying deployment descriptor [/home/leticia/IdeaProjects/Gestion-Socio-Servlet_pt1-2/conf/Catalina/localhost/ClubDeportivo.xml]
04-Jun-2026 21:01:23.417 INFO [main] org.apache.catalina.startup.HostConfig.deployDescriptor Deployment of deployment descriptor [/home/leticia/IdeaProjects/Gestion-Socio-Servlet_pt1-2/conf/Catalina/localhost/ClubDeportivo.xml] has finished in [344] ms
04-Jun-2026 21:01:23.420 INFO [main] org.apache.coyote.AbstractProtocol.start Starting ProtocolHandler ["http-nio-8080"]
04-Jun-2026 21:01:23.431 INFO [main] org.apache.catalina.startup.Catalina.start Server startup in [457] milliseconds
